<?xml version="1.0" encoding="UTF-8"?>
<testng-results ignored="0" total="1" passed="1" failed="0" skipped="0">
  <reporter-output>
  </reporter-output>
  <suite started-at="2023-03-13T20:13:15 GET" name="Default suite" finished-at="2023-03-13T20:13:22 GET" duration-ms="7069">
    <groups>
    </groups>
    <test started-at="2023-03-13T20:13:15 GET" name="Default test" finished-at="2023-03-13T20:13:22 GET" duration-ms="7069">
      <class name="iOSTest.PickerViewsTest">
        <test-method signature="PickerViewTest()[pri:0, instance:iOSTest.PickerViewsTest@6fdbe764]" started-at="2023-03-13T20:13:15 GET" name="PickerViewTest" finished-at="2023-03-13T20:13:22 GET" duration-ms="6987" status="PASS">
          <reporter-output>
          </reporter-output>
        </test-method> <!-- PickerViewTest -->
      </class> <!-- iOSTest.PickerViewsTest -->
    </test> <!-- Default test -->
  </suite> <!-- Default suite -->
</testng-results>
