<?xml version="1.0" encoding="UTF-8"?>
<testng-results ignored="0" total="1" passed="1" failed="0" skipped="0">
  <reporter-output>
  </reporter-output>
  <suite started-at="2023-03-10T20:10:17 GET" name="Default suite" finished-at="2023-03-10T20:10:24 GET" duration-ms="7838">
    <groups>
    </groups>
    <test started-at="2023-03-10T20:10:17 GET" name="Default test" finished-at="2023-03-10T20:10:24 GET" duration-ms="7838">
      <class name="iOSTest.PickerViewsTest">
        <test-method signature="PickerViewsTest()[pri:0, instance:iOSTest.PickerViewsTest@6fdbe764]" started-at="2023-03-10T20:10:17 GET" name="PickerViewsTest" finished-at="2023-03-10T20:10:24 GET" duration-ms="7780" status="PASS">
          <reporter-output>
          </reporter-output>
        </test-method> <!-- PickerViewsTest -->
      </class> <!-- iOSTest.PickerViewsTest -->
    </test> <!-- Default test -->
  </suite> <!-- Default suite -->
</testng-results>
